build/outputs/logs/manifest-merger-debug-report.txt
-- Merging decision tree log ---
manifest
ADDED from Desktop/MyNote/AndroidManifest.xml:2:1-54:12
	xmlns:android
		ADDED from Desktop/MyNote/AndroidManifest.xml:2:11-69
	package
		ADDED from Desktop/MyNote/AndroidManifest.xml:3:5-31
	android:versionName
		ADDED from Desktop/MyNote/AndroidManifest.xml:5:5-30
	android:versionCode
		ADDED from Desktop/MyNote/AndroidManifest.xml:4:5-28
		INJECTED from Desktop/MyNote/AndroidManifest.xml
		INJECTED from Desktop/MyNote/AndroidManifest.xml
uses-sdk
ADDED from Desktop/MyNote/AndroidManifest.xml:7:5-9:41
MERGED from [com.android.support:appcompat-v7:19.1.0] AndroidManifest.xml:18:5-42
	android:targetSdkVersion
		ADDED from Desktop/MyNote/AndroidManifest.xml:9:9-38
	android:minSdkVersion
		ADDED from Desktop/MyNote/AndroidManifest.xml:8:9-34
uses-permission#android.permission.INTERNET
ADDED from Desktop/MyNote/AndroidManifest.xml:11:5-67
	android:name
		ADDED from Desktop/MyNote/AndroidManifest.xml:11:22-64
android:uses-permission#android.permission.WRITE_EXTERNAL_STORAGE
ADDED from Desktop/MyNote/AndroidManifest.xml:13:5-89
	android:name
		ADDED from Desktop/MyNote/AndroidManifest.xml:13:30-86
android:uses-permission#android.permission.READ_PHONE_STATE
ADDED from Desktop/MyNote/AndroidManifest.xml:14:5-83
	android:name
		ADDED from Desktop/MyNote/AndroidManifest.xml:14:30-80
android:uses-permission#android.permission.READ_EXTERNAL_STORAGE
ADDED from Desktop/MyNote/AndroidManifest.xml:15:5-88
	android:name
		ADDED from Desktop/MyNote/AndroidManifest.xml:15:30-85
application
ADDED from Desktop/MyNote/AndroidManifest.xml:17:5-52:19
MERGED from [com.android.support:appcompat-v7:19.1.0] AndroidManifest.xml:19:5-20
	android:label
		ADDED from Desktop/MyNote/AndroidManifest.xml:21:9-41
	android:allowBackup
		ADDED from Desktop/MyNote/AndroidManifest.xml:19:9-35
	android:icon
		ADDED from Desktop/MyNote/AndroidManifest.xml:20:9-45
	android:theme
		ADDED from Desktop/MyNote/AndroidManifest.xml:22:9-40
	android:name
		ADDED from Desktop/MyNote/AndroidManifest.xml:18:9-31
activity#com.wonna.mynote.ui.NoteListActivity
ADDED from Desktop/MyNote/AndroidManifest.xml:23:9-31:20
	android:label
		ADDED from Desktop/MyNote/AndroidManifest.xml:25:13-45
	android:name
		ADDED from Desktop/MyNote/AndroidManifest.xml:24:13-48
intent-filter#android.intent.action.MAIN+android.intent.category.LAUNCHER
ADDED from Desktop/MyNote/AndroidManifest.xml:26:13-30:29
action#android.intent.action.MAIN
ADDED from Desktop/MyNote/AndroidManifest.xml:27:17-69
	android:name
		ADDED from Desktop/MyNote/AndroidManifest.xml:27:25-66
category#android.intent.category.LAUNCHER
ADDED from Desktop/MyNote/AndroidManifest.xml:29:17-77
	android:name
		ADDED from Desktop/MyNote/AndroidManifest.xml:29:27-74
activity#com.wonna.mynote.ui.NotesDetailsActivity
ADDED from Desktop/MyNote/AndroidManifest.xml:32:9-39:20
	android:label
		ADDED from Desktop/MyNote/AndroidManifest.xml:34:13-45
	android:parentActivityName
		ADDED from Desktop/MyNote/AndroidManifest.xml:35:13-62
	android:name
		ADDED from Desktop/MyNote/AndroidManifest.xml:33:13-52
meta-data#android.support.PARENT_ACTIVITY
ADDED from Desktop/MyNote/AndroidManifest.xml:36:13-38:72
	android:name
		ADDED from Desktop/MyNote/AndroidManifest.xml:37:17-63
	android:value
		ADDED from Desktop/MyNote/AndroidManifest.xml:38:17-69
activity#com.wonna.mynote.ui.LoginActivity
ADDED from Desktop/MyNote/AndroidManifest.xml:40:9-44:20
	android:windowSoftInputMode
		ADDED from Desktop/MyNote/AndroidManifest.xml:43:13-68
	android:label
		ADDED from Desktop/MyNote/AndroidManifest.xml:42:13-57
	android:name
		ADDED from Desktop/MyNote/AndroidManifest.xml:41:13-45
activity#com.wonna.mynote.ui.EditActivity
ADDED from Desktop/MyNote/AndroidManifest.xml:45:9-47:71
	android:windowSoftInputMode
		ADDED from Desktop/MyNote/AndroidManifest.xml:47:13-68
	android:name
		ADDED from Desktop/MyNote/AndroidManifest.xml:46:13-44
activity#com.wonna.mynote.ui.RegisterActivity
ADDED from Desktop/MyNote/AndroidManifest.xml:48:9-51:20
	android:label
		ADDED from Desktop/MyNote/AndroidManifest.xml:50:13-60
	android:name
		ADDED from Desktop/MyNote/AndroidManifest.xml:49:13-48